==6144== Memcheck, a memory error detector
==6144== Copyright (C) 2002-2017, and GNU GPL'd, by Julian Seward et al.
==6144== Using Valgrind-3.13.0 and LibVEX; rerun with -h for copyright info
==6144== Command: ./producer_consumer_ex 2
==6144== Parent PID: 23543
==6144== 
==6144== Thread 3:
==6144== Conditional jump or move depends on uninitialised value(s)
==6144==    at 0x50A229B: ____strtol_l_internal (strtol_l.c:434)
==6144==    by 0x509D67F: atoi (atoi.c:27)
==6144==    by 0x108E99: populateEvent (in /home/tux/EEL5733/Assignment2/C_Code/producer_consumer_ex)
==6144==    by 0x1098F7: consumer (in /home/tux/EEL5733/Assignment2/C_Code/producer_consumer_ex)
==6144==    by 0x4E456DA: start_thread (pthread_create.c:463)
==6144==    by 0x517E61E: clone (clone.S:95)
==6144== 
==6144== Conditional jump or move depends on uninitialised value(s)
==6144==    at 0x50A229B: ____strtol_l_internal (strtol_l.c:434)
==6144==    by 0x509D67F: atoi (atoi.c:27)
==6144==    by 0x108EC6: populateEvent (in /home/tux/EEL5733/Assignment2/C_Code/producer_consumer_ex)
==6144==    by 0x1098F7: consumer (in /home/tux/EEL5733/Assignment2/C_Code/producer_consumer_ex)
==6144==    by 0x4E456DA: start_thread (pthread_create.c:463)
==6144==    by 0x517E61E: clone (clone.S:95)
==6144== 
==6144== Conditional jump or move depends on uninitialised value(s)
==6144==    at 0x50A229B: ____strtol_l_internal (strtol_l.c:434)
==6144==    by 0x509D67F: atoi (atoi.c:27)
==6144==    by 0x108EF3: populateEvent (in /home/tux/EEL5733/Assignment2/C_Code/producer_consumer_ex)
==6144==    by 0x1098F7: consumer (in /home/tux/EEL5733/Assignment2/C_Code/producer_consumer_ex)
==6144==    by 0x4E456DA: start_thread (pthread_create.c:463)
==6144==    by 0x517E61E: clone (clone.S:95)
==6144== 
==6144== Conditional jump or move depends on uninitialised value(s)
==6144==    at 0x50A229B: ____strtol_l_internal (strtol_l.c:434)
==6144==    by 0x509D67F: atoi (atoi.c:27)
==6144==    by 0x108F20: populateEvent (in /home/tux/EEL5733/Assignment2/C_Code/producer_consumer_ex)
==6144==    by 0x1098F7: consumer (in /home/tux/EEL5733/Assignment2/C_Code/producer_consumer_ex)
==6144==    by 0x4E456DA: start_thread (pthread_create.c:463)
==6144==    by 0x517E61E: clone (clone.S:95)
==6144== 
==6144== Conditional jump or move depends on uninitialised value(s)
==6144==    at 0x4C34D48: __strlen_sse2 (in /usr/lib/valgrind/vgpreload_memcheck-amd64-linux.so)
==6144==    by 0x50BA4A2: vfprintf (vfprintf.c:1643)
==6144==    by 0x50C1E13: fprintf (fprintf.c:32)
==6144==    by 0x109039: print_node (in /home/tux/EEL5733/Assignment2/C_Code/producer_consumer_ex)
==6144==    by 0x109916: consumer (in /home/tux/EEL5733/Assignment2/C_Code/producer_consumer_ex)
==6144==    by 0x4E456DA: start_thread (pthread_create.c:463)
==6144==    by 0x517E61E: clone (clone.S:95)
==6144== 
==6144== Conditional jump or move depends on uninitialised value(s)
==6144==    at 0x4C35DCC: strcmp (in /usr/lib/valgrind/vgpreload_memcheck-amd64-linux.so)
==6144==    by 0x109418: find_node_by_name (in /home/tux/EEL5733/Assignment2/C_Code/producer_consumer_ex)
==6144==    by 0x1099A7: consumer (in /home/tux/EEL5733/Assignment2/C_Code/producer_consumer_ex)
==6144==    by 0x4E456DA: start_thread (pthread_create.c:463)
==6144==    by 0x517E61E: clone (clone.S:95)
==6144== 
==6144== Conditional jump or move depends on uninitialised value(s)
==6144==    at 0x4C35DBA: strcmp (in /usr/lib/valgrind/vgpreload_memcheck-amd64-linux.so)
==6144==    by 0x109418: find_node_by_name (in /home/tux/EEL5733/Assignment2/C_Code/producer_consumer_ex)
==6144==    by 0x1099A7: consumer (in /home/tux/EEL5733/Assignment2/C_Code/producer_consumer_ex)
==6144==    by 0x4E456DA: start_thread (pthread_create.c:463)
==6144==    by 0x517E61E: clone (clone.S:95)
==6144== 
==6144== Conditional jump or move depends on uninitialised value(s)
==6144==    at 0x4C34E08: strcpy (in /usr/lib/valgrind/vgpreload_memcheck-amd64-linux.so)
==6144==    by 0x1093A1: update_node (in /home/tux/EEL5733/Assignment2/C_Code/producer_consumer_ex)
==6144==    by 0x109A00: consumer (in /home/tux/EEL5733/Assignment2/C_Code/producer_consumer_ex)
==6144==    by 0x4E456DA: start_thread (pthread_create.c:463)
==6144==    by 0x517E61E: clone (clone.S:95)
==6144== 
==6144== Conditional jump or move depends on uninitialised value(s)
==6144==    at 0x4C35DCC: strcmp (in /usr/lib/valgrind/vgpreload_memcheck-amd64-linux.so)
==6144==    by 0x109254: check_if_earliest (in /home/tux/EEL5733/Assignment2/C_Code/producer_consumer_ex)
==6144==    by 0x109A17: consumer (in /home/tux/EEL5733/Assignment2/C_Code/producer_consumer_ex)
==6144==    by 0x4E456DA: start_thread (pthread_create.c:463)
==6144==    by 0x517E61E: clone (clone.S:95)
==6144== 
==6144== Conditional jump or move depends on uninitialised value(s)
==6144==    at 0x4C35DBA: strcmp (in /usr/lib/valgrind/vgpreload_memcheck-amd64-linux.so)
==6144==    by 0x109254: check_if_earliest (in /home/tux/EEL5733/Assignment2/C_Code/producer_consumer_ex)
==6144==    by 0x109A17: consumer (in /home/tux/EEL5733/Assignment2/C_Code/producer_consumer_ex)
==6144==    by 0x4E456DA: start_thread (pthread_create.c:463)
==6144==    by 0x517E61E: clone (clone.S:95)
==6144== 
==6144== Thread 2:
==6144== Invalid write of size 8
==6144==    at 0x108BF8: create_buffer_item (in /home/tux/EEL5733/Assignment2/C_Code/producer_consumer_ex)
==6144==    by 0x109730: producer (in /home/tux/EEL5733/Assignment2/C_Code/producer_consumer_ex)
==6144==    by 0x4E456DA: start_thread (pthread_create.c:463)
==6144==    by 0x517E61E: clone (clone.S:95)
==6144==  Address 0x544f450 is 0 bytes inside a block of size 24 free'd
==6144==    at 0x4C32D3B: free (in /usr/lib/valgrind/vgpreload_memcheck-amd64-linux.so)
==6144==    by 0x108C87: delete_buffer_item (in /home/tux/EEL5733/Assignment2/C_Code/producer_consumer_ex)
==6144==    by 0x109B5A: consumer (in /home/tux/EEL5733/Assignment2/C_Code/producer_consumer_ex)
==6144==    by 0x4E456DA: start_thread (pthread_create.c:463)
==6144==    by 0x517E61E: clone (clone.S:95)
==6144==  Block was alloc'd at
==6144==    at 0x4C31B0F: malloc (in /usr/lib/valgrind/vgpreload_memcheck-amd64-linux.so)
==6144==    by 0x108BC3: create_buffer_item (in /home/tux/EEL5733/Assignment2/C_Code/producer_consumer_ex)
==6144==    by 0x109730: producer (in /home/tux/EEL5733/Assignment2/C_Code/producer_consumer_ex)
==6144==    by 0x4E456DA: start_thread (pthread_create.c:463)
==6144==    by 0x517E61E: clone (clone.S:95)
==6144== 
==6144== Thread 3:
==6144== Conditional jump or move depends on uninitialised value(s)
==6144==    at 0x4C35DCC: strcmp (in /usr/lib/valgrind/vgpreload_memcheck-amd64-linux.so)
==6144==    by 0x109254: check_if_earliest (in /home/tux/EEL5733/Assignment2/C_Code/producer_consumer_ex)
==6144==    by 0x1092A2: check_if_earliest (in /home/tux/EEL5733/Assignment2/C_Code/producer_consumer_ex)
==6144==    by 0x109958: consumer (in /home/tux/EEL5733/Assignment2/C_Code/producer_consumer_ex)
==6144==    by 0x4E456DA: start_thread (pthread_create.c:463)
==6144==    by 0x517E61E: clone (clone.S:95)
==6144== 
==6144== Conditional jump or move depends on uninitialised value(s)
==6144==    at 0x4C35DBA: strcmp (in /usr/lib/valgrind/vgpreload_memcheck-amd64-linux.so)
==6144==    by 0x109254: check_if_earliest (in /home/tux/EEL5733/Assignment2/C_Code/producer_consumer_ex)
==6144==    by 0x1092A2: check_if_earliest (in /home/tux/EEL5733/Assignment2/C_Code/producer_consumer_ex)
==6144==    by 0x109958: consumer (in /home/tux/EEL5733/Assignment2/C_Code/producer_consumer_ex)
==6144==    by 0x4E456DA: start_thread (pthread_create.c:463)
==6144==    by 0x517E61E: clone (clone.S:95)
==6144== 
==6144== Conditional jump or move depends on uninitialised value(s)
==6144==    at 0x4C35DCC: strcmp (in /usr/lib/valgrind/vgpreload_memcheck-amd64-linux.so)
==6144==    by 0x109254: check_if_earliest (in /home/tux/EEL5733/Assignment2/C_Code/producer_consumer_ex)
==6144==    by 0x1092A2: check_if_earliest (in /home/tux/EEL5733/Assignment2/C_Code/producer_consumer_ex)
==6144==    by 0x1092A2: check_if_earliest (in /home/tux/EEL5733/Assignment2/C_Code/producer_consumer_ex)
==6144==    by 0x1092A2: check_if_earliest (in /home/tux/EEL5733/Assignment2/C_Code/producer_consumer_ex)
==6144==    by 0x109958: consumer (in /home/tux/EEL5733/Assignment2/C_Code/producer_consumer_ex)
==6144==    by 0x4E456DA: start_thread (pthread_create.c:463)
==6144==    by 0x517E61E: clone (clone.S:95)
==6144== 
==6144== Conditional jump or move depends on uninitialised value(s)
==6144==    at 0x4C35DBA: strcmp (in /usr/lib/valgrind/vgpreload_memcheck-amd64-linux.so)
==6144==    by 0x109254: check_if_earliest (in /home/tux/EEL5733/Assignment2/C_Code/producer_consumer_ex)
==6144==    by 0x1092A2: check_if_earliest (in /home/tux/EEL5733/Assignment2/C_Code/producer_consumer_ex)
==6144==    by 0x1092A2: check_if_earliest (in /home/tux/EEL5733/Assignment2/C_Code/producer_consumer_ex)
==6144==    by 0x1092A2: check_if_earliest (in /home/tux/EEL5733/Assignment2/C_Code/producer_consumer_ex)
==6144==    by 0x109958: consumer (in /home/tux/EEL5733/Assignment2/C_Code/producer_consumer_ex)
==6144==    by 0x4E456DA: start_thread (pthread_create.c:463)
==6144==    by 0x517E61E: clone (clone.S:95)
==6144== 
==6144== Conditional jump or move depends on uninitialised value(s)
==6144==    at 0x4C35DCC: strcmp (in /usr/lib/valgrind/vgpreload_memcheck-amd64-linux.so)
==6144==    by 0x109418: find_node_by_name (in /home/tux/EEL5733/Assignment2/C_Code/producer_consumer_ex)
==6144==    by 0x10944D: find_node_by_name (in /home/tux/EEL5733/Assignment2/C_Code/producer_consumer_ex)
==6144==    by 0x10944D: find_node_by_name (in /home/tux/EEL5733/Assignment2/C_Code/producer_consumer_ex)
==6144==    by 0x10944D: find_node_by_name (in /home/tux/EEL5733/Assignment2/C_Code/producer_consumer_ex)
==6144==    by 0x109A6C: consumer (in /home/tux/EEL5733/Assignment2/C_Code/producer_consumer_ex)
==6144==    by 0x4E456DA: start_thread (pthread_create.c:463)
==6144==    by 0x517E61E: clone (clone.S:95)
==6144== 
==6144== Conditional jump or move depends on uninitialised value(s)
==6144==    at 0x4C35DBA: strcmp (in /usr/lib/valgrind/vgpreload_memcheck-amd64-linux.so)
==6144==    by 0x109418: find_node_by_name (in /home/tux/EEL5733/Assignment2/C_Code/producer_consumer_ex)
==6144==    by 0x10944D: find_node_by_name (in /home/tux/EEL5733/Assignment2/C_Code/producer_consumer_ex)
==6144==    by 0x10944D: find_node_by_name (in /home/tux/EEL5733/Assignment2/C_Code/producer_consumer_ex)
==6144==    by 0x10944D: find_node_by_name (in /home/tux/EEL5733/Assignment2/C_Code/producer_consumer_ex)
==6144==    by 0x109A6C: consumer (in /home/tux/EEL5733/Assignment2/C_Code/producer_consumer_ex)
==6144==    by 0x4E456DA: start_thread (pthread_create.c:463)
==6144==    by 0x517E61E: clone (clone.S:95)
==6144== 
==6144== Conditional jump or move depends on uninitialised value(s)
==6144==    at 0x4C35DCC: strcmp (in /usr/lib/valgrind/vgpreload_memcheck-amd64-linux.so)
==6144==    by 0x1092ED: find_next_earliest (in /home/tux/EEL5733/Assignment2/C_Code/producer_consumer_ex)
==6144==    by 0x10936E: find_next_earliest (in /home/tux/EEL5733/Assignment2/C_Code/producer_consumer_ex)
==6144==    by 0x10936E: find_next_earliest (in /home/tux/EEL5733/Assignment2/C_Code/producer_consumer_ex)
==6144==    by 0x10936E: find_next_earliest (in /home/tux/EEL5733/Assignment2/C_Code/producer_consumer_ex)
==6144==    by 0x10933E: find_next_earliest (in /home/tux/EEL5733/Assignment2/C_Code/producer_consumer_ex)
==6144==    by 0x10936E: find_next_earliest (in /home/tux/EEL5733/Assignment2/C_Code/producer_consumer_ex)
==6144==    by 0x109AC7: consumer (in /home/tux/EEL5733/Assignment2/C_Code/producer_consumer_ex)
==6144==    by 0x4E456DA: start_thread (pthread_create.c:463)
==6144==    by 0x517E61E: clone (clone.S:95)
==6144== 
==6144== Conditional jump or move depends on uninitialised value(s)
==6144==    at 0x4C35DBA: strcmp (in /usr/lib/valgrind/vgpreload_memcheck-amd64-linux.so)
==6144==    by 0x1092ED: find_next_earliest (in /home/tux/EEL5733/Assignment2/C_Code/producer_consumer_ex)
==6144==    by 0x10936E: find_next_earliest (in /home/tux/EEL5733/Assignment2/C_Code/producer_consumer_ex)
==6144==    by 0x10936E: find_next_earliest (in /home/tux/EEL5733/Assignment2/C_Code/producer_consumer_ex)
==6144==    by 0x10936E: find_next_earliest (in /home/tux/EEL5733/Assignment2/C_Code/producer_consumer_ex)
==6144==    by 0x10933E: find_next_earliest (in /home/tux/EEL5733/Assignment2/C_Code/producer_consumer_ex)
==6144==    by 0x10936E: find_next_earliest (in /home/tux/EEL5733/Assignment2/C_Code/producer_consumer_ex)
==6144==    by 0x109AC7: consumer (in /home/tux/EEL5733/Assignment2/C_Code/producer_consumer_ex)
==6144==    by 0x4E456DA: start_thread (pthread_create.c:463)
==6144==    by 0x517E61E: clone (clone.S:95)
==6144== 
==6144== Conditional jump or move depends on uninitialised value(s)
==6144==    at 0x4C35DCC: strcmp (in /usr/lib/valgrind/vgpreload_memcheck-amd64-linux.so)
==6144==    by 0x109418: find_node_by_name (in /home/tux/EEL5733/Assignment2/C_Code/producer_consumer_ex)
==6144==    by 0x10944D: find_node_by_name (in /home/tux/EEL5733/Assignment2/C_Code/producer_consumer_ex)
==6144==    by 0x109A6C: consumer (in /home/tux/EEL5733/Assignment2/C_Code/producer_consumer_ex)
==6144==    by 0x4E456DA: start_thread (pthread_create.c:463)
==6144==    by 0x517E61E: clone (clone.S:95)
==6144== 
==6144== Conditional jump or move depends on uninitialised value(s)
==6144==    at 0x4C35DBA: strcmp (in /usr/lib/valgrind/vgpreload_memcheck-amd64-linux.so)
==6144==    by 0x109418: find_node_by_name (in /home/tux/EEL5733/Assignment2/C_Code/producer_consumer_ex)
==6144==    by 0x10944D: find_node_by_name (in /home/tux/EEL5733/Assignment2/C_Code/producer_consumer_ex)
==6144==    by 0x109A6C: consumer (in /home/tux/EEL5733/Assignment2/C_Code/producer_consumer_ex)
==6144==    by 0x4E456DA: start_thread (pthread_create.c:463)
==6144==    by 0x517E61E: clone (clone.S:95)
==6144== 
==6144== Conditional jump or move depends on uninitialised value(s)
==6144==    at 0x4C35DCC: strcmp (in /usr/lib/valgrind/vgpreload_memcheck-amd64-linux.so)
==6144==    by 0x109418: find_node_by_name (in /home/tux/EEL5733/Assignment2/C_Code/producer_consumer_ex)
==6144==    by 0x10944D: find_node_by_name (in /home/tux/EEL5733/Assignment2/C_Code/producer_consumer_ex)
==6144==    by 0x109AE2: consumer (in /home/tux/EEL5733/Assignment2/C_Code/producer_consumer_ex)
==6144==    by 0x4E456DA: start_thread (pthread_create.c:463)
==6144==    by 0x517E61E: clone (clone.S:95)
==6144== 
==6144== Conditional jump or move depends on uninitialised value(s)
==6144==    at 0x4C35DBA: strcmp (in /usr/lib/valgrind/vgpreload_memcheck-amd64-linux.so)
==6144==    by 0x109418: find_node_by_name (in /home/tux/EEL5733/Assignment2/C_Code/producer_consumer_ex)
==6144==    by 0x10944D: find_node_by_name (in /home/tux/EEL5733/Assignment2/C_Code/producer_consumer_ex)
==6144==    by 0x109AE2: consumer (in /home/tux/EEL5733/Assignment2/C_Code/producer_consumer_ex)
==6144==    by 0x4E456DA: start_thread (pthread_create.c:463)
==6144==    by 0x517E61E: clone (clone.S:95)
==6144== 
==6144== 
==6144== HEAP SUMMARY:
==6144==     in use at exit: 984 bytes in 16 blocks
==6144==   total heap usage: 62 allocs, 46 frees, 8,177 bytes allocated
==6144== 
==6144== Thread 1:
==6144== 960 (512 direct, 448 indirect) bytes in 8 blocks are definitely lost in loss record 3 of 3
==6144==    at 0x4C31B0F: malloc (in /usr/lib/valgrind/vgpreload_memcheck-amd64-linux.so)
==6144==    by 0x108E01: populateEvent (in /home/tux/EEL5733/Assignment2/C_Code/producer_consumer_ex)
==6144==    by 0x1098F7: consumer (in /home/tux/EEL5733/Assignment2/C_Code/producer_consumer_ex)
==6144==    by 0x4E456DA: start_thread (pthread_create.c:463)
==6144==    by 0x517E61E: clone (clone.S:95)
==6144== 
==6144== LEAK SUMMARY:
==6144==    definitely lost: 512 bytes in 8 blocks
==6144==    indirectly lost: 448 bytes in 7 blocks
==6144==      possibly lost: 0 bytes in 0 blocks
==6144==    still reachable: 24 bytes in 1 blocks
==6144==         suppressed: 0 bytes in 0 blocks
==6144== Reachable blocks (those to which a pointer was found) are not shown.
==6144== To see them, rerun with: --leak-check=full --show-leak-kinds=all
==6144== 
==6144== For counts of detected and suppressed errors, rerun with: -v
==6144== Use --track-origins=yes to see where uninitialised values come from
==6144== ERROR SUMMARY: 155 errors from 24 contexts (suppressed: 0 from 0)
